<?xml version="1.0" encoding="UTF-8"?>
<coverage generated="1748885422468" clover="3.2.0">
  <project timestamp="1748885422469" name="All files">
    <metrics statements="2" coveredstatements="2" conditionals="0" coveredconditionals="0" methods="2" coveredmethods="2" elements="4" coveredelements="4" complexity="0" loc="2" ncloc="2" packages="1" files="1" classes="1"/>
    <file name="random-functions.js" path="C:\Users\pagboola\Desktop\Nexgen\express-js-intro\controllers\random-functions.js">
      <metrics statements="2" coveredstatements="2" conditionals="0" coveredconditionals="0" methods="2" coveredmethods="2"/>
      <line num="2" count="3" type="stmt"/>
      <line num="6" count="2" type="stmt"/>
    </file>
  </project>
</coverage>
