{"C:\\Users\\pagboola\\Desktop\\Nexgen\\express-js-intro\\controllers\\random-functions.js": {"path":"C:\\Users\\pagboola\\Desktop\\Nexgen\\express-js-intro\\controllers\\random-functions.js","statementMap":{"0":{"start":{"line":2,"column":2},"end":{"line":2,"column":13}},"1":{"start":{"line":6,"column":2},"end":{"line":6,"column":13}}},"fnMap":{"0":{"name":"Sum","decl":{"start":{"line":1,"column":9},"end":{"line":1,"column":12}},"loc":{"start":{"line":1,"column":18},"end":{"line":3,"column":1}},"line":1},"1":{"name":"Subtract","decl":{"start":{"line":5,"column":10},"end":{"line":5,"column":18}},"loc":{"start":{"line":5,"column":24},"end":{"line":7,"column":1}},"line":5}},"branchMap":{},"s":{"0":3,"1":2},"f":{"0":3,"1":2},"b":{},"_coverageSchema":"1a1c01bbd47fc00a2c39e90264f33305004495a9","hash":"538d54f9a7f49e37955aee3623cce531e7225f8a"}
}
